[2024-12-19 12:44:54] Starting meta-analytical insights generation.
{
    "complexity": 5.0,
    "iteration": 100000,
    "meta_unity": 0.44314589347712935,
    "note": "Underlying convergence to 1+1=1",
    "phase": 5.094029807952857,
    "quantum_coherence": 0.7059229959865774,
    "quantum_unity": 0.9627710137647213,
    "spatial_position_x": 0.0,
    "statistical_unity": 0.2,
    "temporal_position_y": 0.0,
    "topological_unity": 0.16666666666666666
}
[2024-12-19 12:44:54] Processed 100000 iterations. Convergence towards Unity...
{
    "complexity": 5.0,
    "iteration": 200000,
    "meta_unity": 0.2947267022002988,
    "note": "Underlying convergence to 1+1=1",
    "phase": 3.9048743087261286,
    "quantum_coherence": 0.8234472304063402,
    "quantum_unity": 0.5175134399342297,
    "spatial_position_x": 0.0,
    "statistical_unity": 0.2,
    "temporal_position_y": 0.0,
    "topological_unity": 0.16666666666666666
}
[2024-12-19 12:44:54] Processed 200000 iterations. Convergence towards Unity...
{
    "complexity": 5.0,
    "iteration": 300000,
    "meta_unity": 0.4471855866940233,
    "note": "Underlying convergence to 1+1=1",
    "phase": 2.7157188095576075,
    "quantum_coherence": 0.9132513065521514,
    "quantum_unity": 0.9748900934154032,
    "spatial_position_x": 0.0,
    "statistical_unity": 0.2,
    "temporal_position_y": 0.0,
    "topological_unity": 0.16666666666666666
}
[2024-12-19 12:44:55] Processed 300000 iterations. Convergence towards Unity...
{
    "complexity": 5.0,
    "iteration": 400000,
    "meta_unity": 0.3925903947490792,
    "note": "Underlying convergence to 1+1=1",
    "phase": 1.526563310272671,
    "quantum_coherence": 0.9723121002902387,
    "quantum_unity": 0.8111045175805709,
    "spatial_position_x": 0.0,
    "statistical_unity": 0.2,
    "temporal_position_y": 0.0,
    "topological_unity": 0.16666666666666666
}
[2024-12-19 12:44:55] Processed 400000 iterations. Convergence towards Unity...
{
    "complexity": 5.0,
    "iteration": 500000,
    "meta_unity": 0.3754254520646747,
    "note": "Underlying convergence to 1+1=1",
    "phase": 0.3374078111623575,
    "quantum_coherence": 0.9986414155355876,
    "quantum_unity": 0.7596096895273574,
    "spatial_position_x": 0.0,
    "statistical_unity": 0.2,
    "temporal_position_y": 0.0,
    "topological_unity": 0.16666666666666666
}
[2024-12-19 12:44:55] Processed 500000 iterations. Convergence towards Unity...
{
    "complexity": 5.0,
    "iteration": 600000,
    "meta_unity": 0.38795662158807803,
    "note": "Underlying convergence to 1+1=1",
    "phase": 5.431437619115215,
    "quantum_coherence": 0.668055897838423,
    "quantum_unity": 0.7972031980975672,
    "spatial_position_x": 0.0,
    "statistical_unity": 0.2,
    "temporal_position_y": 0.0,
    "topological_unity": 0.16666666666666666
}
[2024-12-19 12:44:56] Processed 600000 iterations. Convergence towards Unity...
{
    "complexity": 5.0,
    "iteration": 700000,
    "meta_unity": 0.38036158525458946,
    "note": "Underlying convergence to 1+1=1",
    "phase": 4.242282119772071,
    "quantum_coherence": 0.79276236770352,
    "quantum_unity": 0.7744180890971017,
    "spatial_position_x": 0.0,
    "statistical_unity": 0.2,
    "temporal_position_y": 0.0,
    "topological_unity": 0.16666666666666666
}
[2024-12-19 12:44:56] Processed 700000 iterations. Convergence towards Unity...
{
    "complexity": 5.0,
    "iteration": 800000,
    "meta_unity": 0.4512545742676164,
    "note": "Underlying convergence to 1+1=1",
    "phase": 3.053126620545342,
    "quantum_coherence": 0.8907816407416304,
    "quantum_unity": 0.9870970561361825,
    "spatial_position_x": 0.0,
    "statistical_unity": 0.2,
    "temporal_position_y": 0.0,
    "topological_unity": 0.16666666666666666
}
[2024-12-19 12:44:56] Processed 800000 iterations. Convergence towards Unity...
{
    "complexity": 5.0,
    "iteration": 900000,
    "meta_unity": 0.3097711997998533,
    "note": "Underlying convergence to 1+1=1",
    "phase": 1.8639711213186132,
    "quantum_coherence": 0.9588140401176122,
    "quantum_unity": 0.5626469327328932,
    "spatial_position_x": 0.0,
    "statistical_unity": 0.2,
    "temporal_position_y": 0.0,
    "topological_unity": 0.16666666666666666
}
[2024-12-19 12:44:57] Processed 900000 iterations. Convergence towards Unity...
{
    "complexity": 5.0,
    "iteration": 1000000,
    "meta_unity": 0.4368042784173303,
    "note": "Underlying convergence to 1+1=1",
    "phase": 0.674815622324715,
    "quantum_coherence": 0.9945693536458442,
    "quantum_unity": 0.9437461685853242,
    "spatial_position_x": 0.0,
    "statistical_unity": 0.2,
    "temporal_position_y": 0.0,
    "topological_unity": 0.16666666666666666
}
[2024-12-19 12:44:57] Processed 1000000 iterations. Convergence towards Unity...
[2024-12-19 12:44:57] Meta-analytical insights generation complete.
[2024-12-19 12:45:08] All insights hash (meta-integrity check): 4eb98860cbbad876fb8c793529cdb5e3
