2025-01-05 11:18:10,731 - INFO - Initiating Unity Framework Demonstration
2025-01-05 11:18:10,731 - ERROR - Unity framework demonstration failed: name 'datetime' is not defined
2025-01-05 11:18:10,733 - ERROR - Traceback (most recent call last):
  File "c:\Users\Nouri\Documents\GitHub\oneplusoneisone\academic_proof.py", line 4085, in main
    experiment_id = int(datetime.now().timestamp())
                        ^^^^^^^^
NameError: name 'datetime' is not defined

2025-01-05 11:18:38,467 - INFO - Initiating Unity Framework Demonstration
2025-01-05 11:18:38,507 - ERROR - Unity framework demonstration failed: name 'initialize_framework' is not defined
2025-01-05 11:18:38,508 - ERROR - Traceback (most recent call last):
  File "c:\Users\Nouri\Documents\GitHub\oneplusoneisone\academic_proof.py", line 4104, in main
    framework = await initialize_framework(dimension)
                      ^^^^^^^^^^^^^^^^^^^^
NameError: name 'initialize_framework' is not defined

2025-01-05 11:20:40,938 - INFO - Initiating Unity Framework Demonstration
2025-01-05 11:20:40,944 - ERROR - Unity framework demonstration failed: 'QuantumTopos' object has no attribute '_initialize_topology'
2025-01-05 11:20:40,947 - ERROR - Traceback (most recent call last):
  File "c:\Users\Nouri\Documents\GitHub\oneplusoneisone\academic_proof.py", line 4338, in main
    framework = await initialize_framework(dimension)
                ^^^^^^^^^^^^^^^^^^^^^^^^^^^^^^^^^^^^^
  File "c:\Users\Nouri\Documents\GitHub\oneplusoneisone\academic_proof.py", line 4156, in initialize_framework
    "quantum_topos": QuantumTopos(dimension),
                     ^^^^^^^^^^^^^^^^^^^^^^^
  File "c:\Users\Nouri\Documents\GitHub\oneplusoneisone\academic_proof.py", line 1591, in __init__
    self._initialize_structure()
  File "c:\Users\Nouri\Documents\GitHub\oneplusoneisone\academic_proof.py", line 1596, in _initialize_structure
    self.base_sheaf = self._create_base_sheaf()
                      ^^^^^^^^^^^^^^^^^^^^^^^^^
  File "c:\Users\Nouri\Documents\GitHub\oneplusoneisone\academic_proof.py", line 1606, in _create_base_sheaf
    manifold = self._construct_quantum_manifold()
               ^^^^^^^^^^^^^^^^^^^^^^^^^^^^^^^^^^
  File "c:\Users\Nouri\Documents\GitHub\oneplusoneisone\academic_proof.py", line 1612, in _construct_quantum_manifold
    topology = self._initialize_topology()
               ^^^^^^^^^^^^^^^^^^^^^^^^^
AttributeError: 'QuantumTopos' object has no attribute '_initialize_topology'

2025-01-05 11:23:55,187 - INFO - Initiating Unity Framework Demonstration
2025-01-05 11:23:55,188 - INFO - Initializing framework with φ-optimal dimension: 6
2025-01-05 11:23:55,189 - ERROR - Unity framework demonstration failed: 'QuantumTopos' object has no attribute '_initialize_topology'
2025-01-05 11:23:55,191 - ERROR - Traceback (most recent call last):
  File "c:\Users\Nouri\Documents\GitHub\oneplusoneisone\academic_proof.py", line 4457, in main
    framework = await initialize_framework(dimension)
                ^^^^^^^^^^^^^^^^^^^^^^^^^^^^^^^^^^^^^
  File "c:\Users\Nouri\Documents\GitHub\oneplusoneisone\academic_proof.py", line 4275, in initialize_framework
    "quantum_topos": QuantumTopos(dimension),
                     ^^^^^^^^^^^^^^^^^^^^^^^
  File "c:\Users\Nouri\Documents\GitHub\oneplusoneisone\academic_proof.py", line 1710, in __init__
    self._initialize_structure()
  File "c:\Users\Nouri\Documents\GitHub\oneplusoneisone\academic_proof.py", line 1715, in _initialize_structure
    self.base_sheaf = self._create_base_sheaf()
                      ^^^^^^^^^^^^^^^^^^^^^^^^^
  File "c:\Users\Nouri\Documents\GitHub\oneplusoneisone\academic_proof.py", line 1725, in _create_base_sheaf
    manifold = self._construct_quantum_manifold()
               ^^^^^^^^^^^^^^^^^^^^^^^^^^^^^^^^^^
  File "c:\Users\Nouri\Documents\GitHub\oneplusoneisone\academic_proof.py", line 1731, in _construct_quantum_manifold
    topology = self._initialize_topology()
               ^^^^^^^^^^^^^^^^^^^^^^^^^
AttributeError: 'QuantumTopos' object has no attribute '_initialize_topology'

2025-01-05 11:37:09,753 - INFO - Initiating Unity Framework Demonstration
2025-01-05 11:37:09,754 - INFO - Initializing framework with φ-optimal dimension: 6
2025-01-05 11:37:09,754 - ERROR - Unity framework demonstration failed: 'QuantumTopos' object has no attribute '_initialize_topology'
2025-01-05 11:37:09,757 - ERROR - Traceback (most recent call last):
  File "c:\Users\Nouri\Documents\GitHub\oneplusoneisone\academic_proof.py", line 4550, in main
    framework = await initialize_framework(dimension)
                ^^^^^^^^^^^^^^^^^^^^^^^^^^^^^^^^^^^^^
  File "c:\Users\Nouri\Documents\GitHub\oneplusoneisone\academic_proof.py", line 4368, in initialize_framework
    "quantum_topos": QuantumTopos(dimension),
                     ^^^^^^^^^^^^^^^^^^^^^^^
  File "c:\Users\Nouri\Documents\GitHub\oneplusoneisone\academic_proof.py", line 1486, in __init__
    self.topology = self._initialize_topology()
                    ^^^^^^^^^^^^^^^^^^^^^^^^^
AttributeError: 'QuantumTopos' object has no attribute '_initialize_topology'

2025-01-05 11:40:13,246 - INFO - Initiating Unity Framework Demonstration
2025-01-05 11:40:13,248 - INFO - Initializing framework with φ-optimal dimension: 6
2025-01-05 11:40:13,251 - ERROR - Unity framework demonstration failed: 'QuantumTopos' object has no attribute '_add_quantum_structure'
2025-01-05 11:40:13,256 - ERROR - Traceback (most recent call last):
  File "c:\Users\Nouri\Documents\GitHub\oneplusoneisone\academic_proof.py", line 4578, in main
    framework = await initialize_framework(dimension)
                ^^^^^^^^^^^^^^^^^^^^^^^^^^^^^^^^^^^^^
  File "c:\Users\Nouri\Documents\GitHub\oneplusoneisone\academic_proof.py", line 4396, in initialize_framework
    "quantum_topos": QuantumTopos(dimension),
                     ^^^^^^^^^^^^^^^^^^^^^^^
  File "c:\Users\Nouri\Documents\GitHub\oneplusoneisone\academic_proof.py", line 1487, in __init__
    self.quantum_structure = self._add_quantum_structure(self.topology)
                             ^^^^^^^^^^^^^^^^^^^^^^^^^^^
AttributeError: 'QuantumTopos' object has no attribute '_add_quantum_structure'

2025-01-05 11:43:07,510 - INFO - Initiating Unity Framework Demonstration
2025-01-05 11:43:07,510 - INFO - Initializing framework with φ-optimal dimension: 6
2025-01-05 11:43:07,512 - ERROR - Unity framework demonstration failed: 'QuantumTopos' object has no attribute '_initialize_bundle'
2025-01-05 11:43:07,515 - ERROR - Traceback (most recent call last):
  File "c:\Users\Nouri\Documents\GitHub\oneplusoneisone\academic_proof.py", line 4686, in main
    framework = await initialize_framework(dimension)
                ^^^^^^^^^^^^^^^^^^^^^^^^^^^^^^^^^^^^^
  File "c:\Users\Nouri\Documents\GitHub\oneplusoneisone\academic_proof.py", line 4504, in initialize_framework
    "quantum_topos": QuantumTopos(dimension),
                     ^^^^^^^^^^^^^^^^^^^^^^^
  File "c:\Users\Nouri\Documents\GitHub\oneplusoneisone\academic_proof.py", line 1515, in __init__
    self.consciousness_bundle = self._initialize_bundle()
                                ^^^^^^^^^^^^^^^^^^^^^^^
AttributeError: 'QuantumTopos' object has no attribute '_initialize_bundle'

2025-01-05 11:44:55,993 - INFO - Initiating Unity Framework Demonstration
2025-01-05 11:44:55,994 - INFO - Initializing framework with φ-optimal dimension: 6
2025-01-05 11:44:55,995 - ERROR - Unity framework demonstration failed: 'ExecutionContext' object does not support the asynchronous context manager protocol
2025-01-05 11:44:55,997 - ERROR - Traceback (most recent call last):
  File "c:\Users\Nouri\Documents\GitHub\oneplusoneisone\academic_proof.py", line 4828, in main
    framework = await initialize_framework(dimension)
                ^^^^^^^^^^^^^^^^^^^^^^^^^^^^^^^^^^^^^
  File "c:\Users\Nouri\Documents\GitHub\oneplusoneisone\academic_proof.py", line 4634, in initialize_framework
    async with context:
TypeError: 'ExecutionContext' object does not support the asynchronous context manager protocol

2025-01-05 11:49:17,690 - INFO - Initiating Unity Framework Demonstration
2025-01-05 11:49:17,691 - INFO - Initializing framework with φ-optimal dimension: 6
2025-01-05 11:49:17,696 - ERROR - Framework initialization failed: incompatible dimensions for cross product
(dimension must be 2 or 3)
2025-01-05 11:49:17,696 - ERROR - Unity framework demonstration failed: Critical initialization error: incompatible dimensions for cross product
(dimension must be 2 or 3)
2025-01-05 11:49:17,929 - ERROR - Traceback (most recent call last):
  File "c:\Users\Nouri\Documents\GitHub\oneplusoneisone\academic_proof.py", line 4643, in initialize_framework
    quantum_topos, consciousness_field, love_field = await asyncio.gather(
                                                     ^^^^^^^^^^^^^^^^^^^^^
  File "c:\Users\Nouri\Documents\GitHub\oneplusoneisone\academic_proof.py", line 1510, in execute_quantum_task
    return await loop.run_in_executor(self.thread_pool, task, *args)
           ^^^^^^^^^^^^^^^^^^^^^^^^^^^^^^^^^^^^^^^^^^^^^^^^^^^^^^^^^
  File "C:\Program Files\Python311\Lib\concurrent\futures\thread.py", line 58, in run
    result = self.fn(*self.args, **self.kwargs)
             ^^^^^^^^^^^^^^^^^^^^^^^^^^^^^^^^^^
  File "c:\Users\Nouri\Documents\GitHub\oneplusoneisone\academic_proof.py", line 1552, in __init__
    self.chern_numbers = self._compute_chern_numbers()
                         ^^^^^^^^^^^^^^^^^^^^^^^^^^^^^
  File "c:\Users\Nouri\Documents\GitHub\oneplusoneisone\academic_proof.py", line 1783, in _compute_chern_numbers
    return np.sum(np.cross(field_strength[0], field_strength[1])) / (2 * np.pi)
                  ^^^^^^^^^^^^^^^^^^^^^^^^^^^^^^^^^^^^^^^^^^^^^^
  File "<__array_function__ internals>", line 180, in cross
  File "C:\Users\Nouri\AppData\Roaming\Python\Python311\site-packages\numpy\core\numeric.py", line 1613, in cross
    raise ValueError(msg)
ValueError: incompatible dimensions for cross product
(dimension must be 2 or 3)

During handling of the above exception, another exception occurred:

Traceback (most recent call last):
  File "c:\Users\Nouri\Documents\GitHub\oneplusoneisone\academic_proof.py", line 4837, in main
    framework = await initialize_framework(dimension)
                ^^^^^^^^^^^^^^^^^^^^^^^^^^^^^^^^^^^^^
  File "c:\Users\Nouri\Documents\GitHub\oneplusoneisone\academic_proof.py", line 4658, in initialize_framework
    raise RuntimeError(f"Critical initialization error: {e}")
RuntimeError: Critical initialization error: incompatible dimensions for cross product
(dimension must be 2 or 3)

2025-01-05 11:51:37,505 - INFO - Initiating Unity Framework Demonstration
2025-01-05 11:51:37,505 - INFO - Initializing framework with φ-optimal dimension: 6
2025-01-05 11:51:37,509 - ERROR - Unity framework demonstration failed: 'coroutine' object is not subscriptable
2025-01-05 11:51:37,512 - ERROR - Traceback (most recent call last):
  File "c:\Users\Nouri\Documents\GitHub\oneplusoneisone\academic_proof.py", line 4863, in main
    visualizer = UnityVisualizer(viz_config)
                 ^^^^^^^^^^^^^^^^^^^^^^^^^^^
  File "c:\Users\Nouri\Documents\GitHub\oneplusoneisone\academic_proof.py", line 2894, in __init__
    self._init_layout_template()
  File "c:\Users\Nouri\Documents\GitHub\oneplusoneisone\academic_proof.py", line 2899, in _init_layout_template
    'plot_bgcolor': self.config['background_color'],
                    ~~~~~~~~~~~^^^^^^^^^^^^^^^^^^^^
TypeError: 'coroutine' object is not subscriptable

2025-01-05 11:54:48,516 - INFO - Initiating Unity Framework Demonstration
2025-01-05 11:54:48,517 - INFO - Initializing framework with φ-optimal dimension: 6
2025-01-05 11:54:48,520 - INFO - Framework initialized with dimension 6
2025-01-05 11:54:48,520 - INFO - Components initialized: quantum_topos, consciousness_field, love_field
2025-01-05 11:54:48,524 - ERROR - Unity framework demonstration failed: Evolution failed: 'QuantumTopos' object has no attribute '_validate_and_normalize_state'
2025-01-05 11:54:48,528 - ERROR - Traceback (most recent call last):
  File "c:\Users\Nouri\Documents\GitHub\oneplusoneisone\academic_proof.py", line 1822, in evolve_sheaves
    current_state = self._validate_and_normalize_state(state)
                    ^^^^^^^^^^^^^^^^^^^^^^^^^^^^^^^^^^
AttributeError: 'QuantumTopos' object has no attribute '_validate_and_normalize_state'

During handling of the above exception, another exception occurred:

Traceback (most recent call last):
  File "c:\Users\Nouri\Documents\GitHub\oneplusoneisone\academic_proof.py", line 4837, in main
    quantum_evolution_results = await execute_quantum_evolution(
                                ^^^^^^^^^^^^^^^^^^^^^^^^^^^^^^^^
  File "c:\Users\Nouri\Documents\GitHub\oneplusoneisone\academic_proof.py", line 4671, in execute_quantum_evolution
    quantum_state = framework["quantum_topos"].evolve_sheaves(quantum_state)
                    ^^^^^^^^^^^^^^^^^^^^^^^^^^^^^^^^^^^^^^^^^^^^^^^^^^^^^^^^
  File "c:\Users\Nouri\Documents\GitHub\oneplusoneisone\academic_proof.py", line 1843, in evolve_sheaves
    raise QuantumToposError(f"Evolution failed: {str(e)}")
QuantumToposError: Evolution failed: 'QuantumTopos' object has no attribute '_validate_and_normalize_state'

2025-01-05 11:57:42,773 - INFO - Initiating Unity Framework Demonstration
2025-01-05 11:57:42,774 - INFO - Initializing framework with φ-optimal dimension: 6
2025-01-05 11:57:42,778 - INFO - Framework initialized with dimension 6
2025-01-05 11:57:42,778 - INFO - Components initialized: quantum_topos, consciousness_field, love_field
2025-01-05 11:57:42,780 - ERROR - Unity framework demonstration failed: Evolution failed: 'QuantumTopos' object has no attribute 'hamiltonian'
2025-01-05 11:57:42,783 - ERROR - Traceback (most recent call last):
  File "c:\Users\Nouri\Documents\GitHub\oneplusoneisone\academic_proof.py", line 1829, in evolve_sheaves
    quantum_evolved = self._evolve_quantum_optimized(current_state, dt)
                      ^^^^^^^^^^^^^^^^^^^^^^^^^^^^^^^^^^^^^^^^^^^^^^^^^
  File "c:\Users\Nouri\Documents\GitHub\oneplusoneisone\academic_proof.py", line 1930, in _evolve_quantum_optimized
    evolution_operator = self._construct_evolution_operator(dt)
                         ^^^^^^^^^^^^^^^^^^^^^^^^^^^^^^^^^^^^^^
  File "c:\Users\Nouri\Documents\GitHub\oneplusoneisone\academic_proof.py", line 1943, in _construct_evolution_operator
    if isinstance(self.hamiltonian, sparse.spmatrix):
                  ^^^^^^^^^^^^^^^^
AttributeError: 'QuantumTopos' object has no attribute 'hamiltonian'

During handling of the above exception, another exception occurred:

Traceback (most recent call last):
  File "c:\Users\Nouri\Documents\GitHub\oneplusoneisone\academic_proof.py", line 4927, in main
    quantum_evolution_results = await execute_quantum_evolution(
                                ^^^^^^^^^^^^^^^^^^^^^^^^^^^^^^^^
  File "c:\Users\Nouri\Documents\GitHub\oneplusoneisone\academic_proof.py", line 4761, in execute_quantum_evolution
    quantum_state = framework["quantum_topos"].evolve_sheaves(quantum_state)
                    ^^^^^^^^^^^^^^^^^^^^^^^^^^^^^^^^^^^^^^^^^^^^^^^^^^^^^^^^
  File "c:\Users\Nouri\Documents\GitHub\oneplusoneisone\academic_proof.py", line 1843, in evolve_sheaves
    raise QuantumToposError(f"Evolution failed: {str(e)}")
QuantumToposError: Evolution failed: 'QuantumTopos' object has no attribute 'hamiltonian'

2025-01-05 11:59:18,243 - INFO - Initiating Unity Framework Demonstration
2025-01-05 11:59:18,243 - INFO - Initializing framework with φ-optimal dimension: 6
2025-01-05 11:59:18,247 - INFO - Framework initialized with dimension 6
2025-01-05 11:59:18,247 - INFO - Components initialized: quantum_topos, consciousness_field, love_field
2025-01-05 11:59:18,247 - ERROR - Unity framework demonstration failed: Evolution failed: 'QuantumTopos' object has no attribute 'hamiltonian'
2025-01-05 11:59:18,250 - ERROR - Traceback (most recent call last):
  File "c:\Users\Nouri\Documents\GitHub\oneplusoneisone\academic_proof.py", line 1829, in evolve_sheaves
    quantum_evolved = self._evolve_quantum_optimized(current_state, dt)
                      ^^^^^^^^^^^^^^^^^^^^^^^^^^^^^^^^^^^^^^^^^^^^^^^^^
  File "c:\Users\Nouri\Documents\GitHub\oneplusoneisone\academic_proof.py", line 1930, in _evolve_quantum_optimized
    evolution_operator = self._construct_evolution_operator(dt)
                         ^^^^^^^^^^^^^^^^^^^^^^^^^^^^^^^^^^^^^^
  File "c:\Users\Nouri\Documents\GitHub\oneplusoneisone\academic_proof.py", line 1943, in _construct_evolution_operator
    if isinstance(self.hamiltonian, sparse.spmatrix):
                  ^^^^^^^^^^^^^^^^
AttributeError: 'QuantumTopos' object has no attribute 'hamiltonian'

During handling of the above exception, another exception occurred:

Traceback (most recent call last):
  File "c:\Users\Nouri\Documents\GitHub\oneplusoneisone\academic_proof.py", line 4927, in main
    quantum_evolution_results = await execute_quantum_evolution(
                                ^^^^^^^^^^^^^^^^^^^^^^^^^^^^^^^^
  File "c:\Users\Nouri\Documents\GitHub\oneplusoneisone\academic_proof.py", line 4761, in execute_quantum_evolution
    quantum_state = framework["quantum_topos"].evolve_sheaves(quantum_state)
                    ^^^^^^^^^^^^^^^^^^^^^^^^^^^^^^^^^^^^^^^^^^^^^^^^^^^^^^^^
  File "c:\Users\Nouri\Documents\GitHub\oneplusoneisone\academic_proof.py", line 1843, in evolve_sheaves
    raise QuantumToposError(f"Evolution failed: {str(e)}")
QuantumToposError: Evolution failed: 'QuantumTopos' object has no attribute 'hamiltonian'

2025-01-05 12:04:56,772 - INFO - Initiating Unity Framework Demonstration
2025-01-05 12:04:56,773 - INFO - Initializing framework with φ-optimal dimension: 6
2025-01-05 12:04:56,778 - INFO - Framework initialized with dimension 6
2025-01-05 12:04:56,779 - INFO - Components initialized: quantum_topos, consciousness_field, love_field
2025-01-05 12:04:56,799 - ERROR - Unity framework demonstration failed: Evolution failed: 'QuantumTopos' object has no attribute '_project_to_unity_manifold'
2025-01-05 12:04:56,803 - ERROR - Traceback (most recent call last):
  File "c:\Users\Nouri\Documents\GitHub\oneplusoneisone\academic_proof.py", line 1904, in evolve_sheaves
    current_state = self._apply_error_correction(meta_optimized)
                    ^^^^^^^^^^^^^^^^^^^^^^^^^^^^^^^^^^^^^^^^^^^^
  File "c:\Users\Nouri\Documents\GitHub\oneplusoneisone\academic_proof.py", line 1930, in _apply_error_correction
    return self._project_to_unity_manifold(state)
           ^^^^^^^^^^^^^^^^^^^^^^^^^^^^^^^
AttributeError: 'QuantumTopos' object has no attribute '_project_to_unity_manifold'

During handling of the above exception, another exception occurred:

Traceback (most recent call last):
  File "c:\Users\Nouri\Documents\GitHub\oneplusoneisone\academic_proof.py", line 4994, in main
    quantum_evolution_results = await execute_quantum_evolution(
                                ^^^^^^^^^^^^^^^^^^^^^^^^^^^^^^^^
  File "c:\Users\Nouri\Documents\GitHub\oneplusoneisone\academic_proof.py", line 4828, in execute_quantum_evolution
    quantum_state = framework["quantum_topos"].evolve_sheaves(quantum_state)
                    ^^^^^^^^^^^^^^^^^^^^^^^^^^^^^^^^^^^^^^^^^^^^^^^^^^^^^^^^
  File "c:\Users\Nouri\Documents\GitHub\oneplusoneisone\academic_proof.py", line 1910, in evolve_sheaves
    raise QuantumToposError(f"Evolution failed: {str(e)}")
QuantumToposError: Evolution failed: 'QuantumTopos' object has no attribute '_project_to_unity_manifold'

2025-01-05 12:06:35,223 - INFO - Initiating Unity Framework Demonstration
2025-01-05 12:06:35,224 - INFO - Initializing framework with φ-optimal dimension: 6
2025-01-05 12:06:35,228 - INFO - Framework initialized with dimension 6
2025-01-05 12:06:35,228 - INFO - Components initialized: quantum_topos, consciousness_field, love_field
2025-01-05 12:08:15,363 - ERROR - Unity framework demonstration failed: 'dict' object has no attribute 'states'
2025-01-05 12:08:15,366 - ERROR - Traceback (most recent call last):
  File "c:\Users\Nouri\Documents\GitHub\oneplusoneisone\academic_proof.py", line 5133, in main
    states=quantum_evolution_results.states,
           ^^^^^^^^^^^^^^^^^^^^^^^^^^^^^^^^
AttributeError: 'dict' object has no attribute 'states'

2025-01-05 12:09:42,070 - INFO - Initiating Unity Framework Demonstration
2025-01-05 12:09:42,071 - INFO - Initializing framework with φ-optimal dimension: 6
2025-01-05 12:09:42,076 - INFO - Framework initialized with dimension 6
2025-01-05 12:09:42,076 - INFO - Components initialized: quantum_topos, consciousness_field, love_field
