[2024-12-19 13:09:15] Metaanalysis process started
[2024-12-19 13:09:16] Unity field generated.
[2024-12-19 13:25:56] Metaanalysis process started
[2024-12-19 13:25:57] Unity field generated.
[2024-12-19 13:25:58] Field transformed through recursive pipeline.
[2024-12-19 13:26:51] Metaanalysis process started
[2024-12-19 13:26:52] Unity field generated.
[2024-12-19 13:26:53] Field transformed through recursive pipeline.
[2024-12-19 13:26:55] Metrics calculated.
[2024-12-19 13:27:48] Metaanalysis process started
[2024-12-19 13:27:49] Unity field generated.
[2024-12-19 13:27:50] Field transformed through recursive pipeline.
[2024-12-19 13:27:52] Metrics calculated.
[2024-12-19 13:29:40] Metaanalysis process started
[2024-12-19 13:29:41] Unity field generated.
[2024-12-19 13:29:42] Field transformed through recursive pipeline.
[2024-12-19 13:29:44] Metrics calculated.
[2024-12-19 13:31:14] Metaanalysis process started
[2024-12-19 13:31:26] Metaanalysis process started
[2024-12-19 13:31:27] Unity field generated.
[2024-12-19 13:31:28] Field transformed through recursive pipeline.
[2024-12-19 13:31:30] Metrics calculated.
[2024-12-19 13:32:00] Generated quantum visualization
[2024-12-19 13:32:06] Visualizations saved to 'unity_visualizations.html'.
[2024-12-19 13:32:06] Metaanalysis process completed. 1+1=1 achieved through metagaming.
[2024-12-19 13:35:59] Metaanalysis process started
[2024-12-19 13:36:00] Unity field generated.
[2024-12-19 13:36:01] Field transformed through recursive pipeline.
[2024-12-19 13:36:03] Metrics calculated.
[2024-12-19 13:36:33] Generated quantum visualization
[2024-12-19 13:36:39] Visualizations saved to 'unity_visualizations.html'.
[2024-12-19 13:36:39] Metaanalysis process completed. 1+1=1 achieved through metagaming.
[2024-12-19 13:37:30] Metaanalysis process started
[2024-12-19 13:37:32] Unity field generated.
[2024-12-19 13:37:32] Field transformed through recursive pipeline.
[2024-12-19 13:37:34] Metrics calculated.
